<?xml version="1.0" encoding="UTF-8"?>
<!-- Generated by org.testng.reporters.JUnitReportReporter -->
<testsuite skipped="0" hostname="DESKTOP-G28MNR6" name="com.suburati.testcase.LoginTest" tests="1" failures="0" timestamp="2022-09-06T00:36:55 IST" time="3.683" errors="0">
  <testcase name="loginFunctionVerification" time="3.683" classname="com.suburati.testcase.LoginTest"/>
  <system-out/>
</testsuite> <!-- com.suburati.testcase.LoginTest -->
