<?xml version="1.0" encoding="UTF-8"?>
<!-- Generated by org.testng.reporters.JUnitReportReporter -->
<testsuite skipped="0" hostname="DESKTOP-G28MNR6" name="com.suburati.testcase.CreateStudentAccount" tests="1" failures="0" timestamp="2022-09-06T00:36:55 IST" time="6.801" errors="0">
  <testcase name="verifyCreateStudentFunction" time="6.801" classname="com.suburati.testcase.CreateStudentAccount"/>
  <system-out/>
</testsuite> <!-- com.suburati.testcase.CreateStudentAccount -->
